<?xml version="1.0" encoding="UTF-8"?>
<testsuite xmlns:xsi="http://www.w3.org/2001/XMLSchema-instance" xsi:noNamespaceSchemaLocation="https://maven.apache.org/surefire/maven-surefire-plugin/xsd/surefire-test-report-3.0.xsd" version="3.0" name="com.group_3.backen_project.BackenProjectApplicationTests" time="14.946" tests="1" errors="0" skipped="0" failures="0">
  <properties>
[...]
</properties>
  <testcase name="contextLoads" classname="com.group_3.backen_project.BackenProjectApplicationTests" time="0.832">
    <system-out><![CDATA[15:46:07.498 [main] INFO org.springframework.test.context.support.AnnotationConfigContextLoaderUtils -- Could not detect default configuration classes for test class [com.group_3.backen_project.BackenProjectApplicationTests]: BackenProjectApplicationTests does not declare any static, non-private, non-final, nested classes annotated with @Configuration.
15:46:07.853 [main] INFO org.springframework.boot.test.context.SpringBootTestContextBootstrapper -- Found @SpringBootConfiguration com.group_3.backen_project.BackenProjectApplication for test class com.group_3.backen_project.BackenProjectApplicationTests

  .   ____          _            __ _ _
 /\\ / ___'_ __ _ _(_)_ __  __ _ \ \ \ \
( ( )\___ | '_ | '_| | '_ \/ _` | \ \ \ \
 \\/  ___)| |_)| | | | | || (_| |  ) ) ) )
  '  |____| .__|_| |_|_| |_\__, | / / / /
 =========|_|==============|___/=/_/_/_/

 :: Spring Boot ::                (v3.3.4)

2024-11-30T15:46:08.973-05:00  INFO 28984 --- [backen-project] [           main] c.g.b.BackenProjectApplicationTests      : Starting BackenProjectApplicationTests using Java 22.0.2 with PID 28984 (started by camil in C:\Users\camil\OneDrive\Escritorio\proyectos de programacion\proyectoJava\backend-Spring)
2024-11-30T15:46:08.977-05:00  INFO 28984 --- [backen-project] [           main] c.g.b.BackenProjectApplicationTests      : No active profile set, falling back to 1 default profile: "default"
2024-11-30T15:46:11.369-05:00  INFO 28984 --- [backen-project] [           main] .s.d.r.c.RepositoryConfigurationDelegate : Bootstrapping Spring Data JPA repositories in DEFAULT mode.
2024-11-30T15:46:11.685-05:00  INFO 28984 --- [backen-project] [           main] .s.d.r.c.RepositoryConfigurationDelegate : Finished Spring Data repository scanning in 303 ms. Found 18 JPA repository interfaces.
2024-11-30T15:46:13.258-05:00  INFO 28984 --- [backen-project] [           main] o.hibernate.jpa.internal.util.LogHelper  : HHH000204: Processing PersistenceUnitInfo [name: default]
2024-11-30T15:46:13.483-05:00  INFO 28984 --- [backen-project] [           main] org.hibernate.Version                    : HHH000412: Hibernate ORM core version 6.5.3.Final
2024-11-30T15:46:13.609-05:00  INFO 28984 --- [backen-project] [           main] o.h.c.internal.RegionFactoryInitiator    : HHH000026: Second-level cache disabled
2024-11-30T15:46:14.459-05:00  INFO 28984 --- [backen-project] [           main] o.s.o.j.p.SpringPersistenceUnitInfo      : No LoadTimeWeaver setup: ignoring JPA class transformer
2024-11-30T15:46:14.528-05:00  INFO 28984 --- [backen-project] [           main] com.zaxxer.hikari.HikariDataSource       : HikariPool-1 - Starting...
2024-11-30T15:46:15.402-05:00  INFO 28984 --- [backen-project] [           main] com.zaxxer.hikari.pool.HikariPool        : HikariPool-1 - Added connection com.mysql.cj.jdbc.ConnectionImpl@5c79c5ec
2024-11-30T15:46:15.407-05:00  INFO 28984 --- [backen-project] [           main] com.zaxxer.hikari.HikariDataSource       : HikariPool-1 - Start completed.
2024-11-30T15:46:15.633-05:00  WARN 28984 --- [backen-project] [           main] org.hibernate.orm.deprecation            : HHH90000025: MySQLDialect does not need to be specified explicitly using 'hibernate.dialect' (remove the property setting and it will be selected by default)
2024-11-30T15:46:17.966-05:00  INFO 28984 --- [backen-project] [           main] o.h.e.t.j.p.i.JtaPlatformInitiator       : HHH000489: No JTA platform available (set 'hibernate.transaction.jta.platform' to enable JTA platform integration)
2024-11-30T15:46:18.279-05:00  INFO 28984 --- [backen-project] [           main] j.LocalContainerEntityManagerFactoryBean : Initialized JPA EntityManagerFactory for persistence unit 'default'
2024-11-30T15:46:18.966-05:00  INFO 28984 --- [backen-project] [           main] r$InitializeUserDetailsManagerConfigurer : Global AuthenticationManager configured with UserDetailsService bean with name usersService
2024-11-30T15:46:19.628-05:00  WARN 28984 --- [backen-project] [           main] JpaBaseConfiguration$JpaWebConfiguration : spring.jpa.open-in-view is enabled by default. Therefore, database queries may be performed during view rendering. Explicitly configure spring.jpa.open-in-view to disable this warning
2024-11-30T15:46:21.074-05:00  INFO 28984 --- [backen-project] [           main] c.g.b.BackenProjectApplicationTests      : Started BackenProjectApplicationTests in 12.893 seconds (process running for 15.55)
]]></system-out>
    <system-err><![CDATA[WARNING: A Java agent has been loaded dynamically (C:\Users\camil\.m2\repository\net\bytebuddy\byte-buddy-agent\1.14.19\byte-buddy-agent-1.14.19.jar)
WARNING: If a serviceability tool is in use, please run with -XX:+EnableDynamicAgentLoading to hide this warning
WARNING: If a serviceability tool is not in use, please run with -Djdk.instrument.traceUsage for more information
WARNING: Dynamic loading of agents will be disallowed by default in a future release
]]></system-err>
  </testcase>
</testsuite>